be -> (-1, -1)
identifier -> (16, 0)
number -> (-1, -1)
be -> (-1, -1)
identifier -> (26, 0)
number -> (-1, -1)
be -> (-1, -1)
identifier -> (12, 0)
number -> (-1, -1)
identifier -> (12, 0)
= -> (-1, -1)
integer const -> (0, 0)
readFromConsole -> (-1, -1)
( -> (-1, -1)
identifier -> (16, 0)
) -> (-1, -1)
stopWhen -> (-1, -1)
( -> (-1, -1)
identifier -> (16, 0)
< -> (-1, -1)
integer const -> (0, 0)
) -> (-1, -1)
{ -> (-1, -1)
readFromConsole -> (-1, -1)
( -> (-1, -1)
identifier -> (26, 0)
) -> (-1, -1)
identifier -> (12, 0)
+ -> (-1, -1)
= -> (-1, -1)
identifier -> (26, 0)
} -> (-1, -1)
showInConsole -> (-1, -1)
( -> (-1, -1)
string const -> (12, 0)
) -> (-1, -1)
showInConsole -> (-1, -1)
( -> (-1, -1)
identifier -> (12, 0)
) -> (-1, -1)
