be: (-1, -1)
identifier: (47, 0)
number: (-1, -1)
be: (-1, -1)
identifier: (48, 0)
number: (-1, -1)
be: (-1, -1)
identifier: (14, 0)
number: (-1, -1)
readFromConsole: (-1, -1)
(: (-1, -1)
identifier: (47, 0)
): (-1, -1)
readFromConsole: (-1, -1)
(: (-1, -1)
identifier: (48, 0)
): (-1, -1)
stopWhen: (-1, -1)
(: (-1, -1)
identifier: (48, 0)
=: (-1, -1)
=: (-1, -1)
integer constant: (0, 0)
): (-1, -1)
{: (-1, -1)
identifier: (14, 0)
=: (-1, -1)
identifier: (47, 0)
%: (-1, -1)
identifier: (48, 0)
identifier: (47, 0)
=: (-1, -1)
identifier: (48, 0)
identifier: (48, 0)
=: (-1, -1)
identifier: (14, 0)
}: (-1, -1)
showInConsole: (-1, -1)
(: (-1, -1)
string constant: (21, 0)
): (-1, -1)
showInConsole: (-1, -1)
(: (-1, -1)
identifier: (47, 0)
): (-1, -1)
