be -> (-1, -1)
identifier -> (3, 0)
number -> (-1, -1)
be -> (-1, -1)
identifier -> (4, 0)
number -> (-1, -1)
be -> (-1, -1)
identifier -> (5, 0)
number -> (-1, -1)
be -> (-1, -1)
identifier -> (44, 0)
number -> (-1, -1)
readFromConsole -> (-1, -1)
( -> (-1, -1)
identifier -> (3, 0)
) -> (-1, -1)
readFromConsole -> (-1, -1)
( -> (-1, -1)
identifier -> (4, 0)
) -> (-1, -1)
readFromConsole -> (-1, -1)
( -> (-1, -1)
identifier -> (5, 0)
) -> (-1, -1)
check -> (-1, -1)
( -> (-1, -1)
identifier -> (44, 0)
> -> (-1, -1)
identifier -> (3, 0)
) -> (-1, -1)
identifier -> (44, 0)
= -> (-1, -1)
identifier -> (3, 0)
check -> (-1, -1)
( -> (-1, -1)
identifier -> (44, 0)
> -> (-1, -1)
identifier -> (4, 0)
) -> (-1, -1)
identifier -> (44, 0)
= -> (-1, -1)
identifier -> (4, 0)
check -> (-1, -1)
( -> (-1, -1)
identifier -> (44, 0)
> -> (-1, -1)
identifier -> (5, 0)
) -> (-1, -1)
identifier -> (44, 0)
= -> (-1, -1)
identifier -> (5, 0)
showInConsole -> (-1, -1)
( -> (-1, -1)
identifier -> (44, 0)
) -> (-1, -1)
