be: (-1, -1)
identifier: (47, 0)
number: (-1, -1)
be: (-1, -1)
identifier: (48, 0)
number: (-1, -1)
be: (-1, -1)
identifier: (49, 0)
number: (-1, -1)
be: (-1, -1)
identifier: (26, 0)
number: (-1, -1)
readFromConsole: (-1, -1)
(: (-1, -1)
identifier: (47, 0)
): (-1, -1)
readFromConsole: (-1, -1)
(: (-1, -1)
identifier: (48, 0)
): (-1, -1)
readFromConsole: (-1, -1)
(: (-1, -1)
identifier: (49, 0)
): (-1, -1)
check: (-1, -1)
(: (-1, -1)
identifier: (26, 0)
>: (-1, -1)
identifier: (47, 0)
): (-1, -1)
identifier: (26, 0)
=: (-1, -1)
identifier: (47, 0)
check: (-1, -1)
(: (-1, -1)
identifier: (26, 0)
>: (-1, -1)
identifier: (48, 0)
): (-1, -1)
identifier: (26, 0)
=: (-1, -1)
identifier: (48, 0)
check: (-1, -1)
(: (-1, -1)
identifier: (26, 0)
>: (-1, -1)
identifier: (49, 0)
): (-1, -1)
identifier: (26, 0)
=: (-1, -1)
identifier: (49, 0)
showInConsole: (-1, -1)
(: (-1, -1)
identifier: (26, 0)
): (-1, -1)
