be: (-1, -1)
identifier: (10, 0)
number: (-1, -1)
be: (-1, -1)
identifier: (20, 0)
number: (-1, -1)
be: (-1, -1)
identifier: (41, 0)
number: (-1, -1)
identifier: (41, 0)
=: (-1, -1)
integer constant: (0, 0)
readFromConsole: (-1, -1)
(: (-1, -1)
identifier: (10, 0)
): (-1, -1)
stopWhen: (-1, -1)
(: (-1, -1)
identifier: (10, 0)
<: (-1, -1)
integer constant: (0, 0)
): (-1, -1)
{: (-1, -1)
readFromConsole: (-1, -1)
(: (-1, -1)
identifier: (20, 0)
): (-1, -1)
identifier: (41, 0)
+: (-1, -1)
=: (-1, -1)
identifier: (20, 0)
}: (-1, -1)
showInConsole: (-1, -1)
(: (-1, -1)
string constant: (0, 0)
): (-1, -1)
showInConsole: (-1, -1)
(: (-1, -1)
identifier: (41, 0)
): (-1, -1)
